0 info it worked if it ends with ok
1 verbose cli [ '/usr/local/bin/node', '/usr/local/bin/npm', 'run', 'watch' ]
2 info using npm@3.7.3
3 info using node@v5.9.1
4 verbose run-script [ 'prewatch', 'watch', 'postwatch' ]
5 info lifecycle church_website@1.0.0~prewatch: church_website@1.0.0
6 silly lifecycle church_website@1.0.0~prewatch: no script for prewatch, continuing
7 info lifecycle church_website@1.0.0~watch: church_website@1.0.0
8 verbose lifecycle church_website@1.0.0~watch: unsafe-perm in lifecycle true
9 verbose lifecycle church_website@1.0.0~watch: PATH: /usr/local/lib/node_modules/npm/bin/node-gyp-bin:/Users/ShirleyWang/Documents/church_website/node_modules/.bin:/usr/local/bin:/Library/Frameworks/Python.framework/Versions/3.5/bin:/usr/local/bin:/usr/bin:/bin:/usr/sbin:/sbin:/Users/ShirleyWang/apache-maven-3.3.3/bin
10 verbose lifecycle church_website@1.0.0~watch: CWD: /Users/ShirleyWang/Documents/church_website
11 silly lifecycle church_website@1.0.0~watch: Args: [ '-c', 'webpack -w' ]
12 silly lifecycle church_website@1.0.0~watch: Returned: code: 255  signal: null
13 info lifecycle church_website@1.0.0~watch: Failed to exec watch script
14 verbose stack Error: church_website@1.0.0 watch: `webpack -w`
14 verbose stack Exit status 255
14 verbose stack     at EventEmitter.<anonymous> (/usr/local/lib/node_modules/npm/lib/utils/lifecycle.js:239:16)
14 verbose stack     at emitTwo (events.js:100:13)
14 verbose stack     at EventEmitter.emit (events.js:185:7)
14 verbose stack     at ChildProcess.<anonymous> (/usr/local/lib/node_modules/npm/lib/utils/spawn.js:24:14)
14 verbose stack     at emitTwo (events.js:100:13)
14 verbose stack     at ChildProcess.emit (events.js:185:7)
14 verbose stack     at maybeClose (internal/child_process.js:850:16)
14 verbose stack     at Process.ChildProcess._handle.onexit (internal/child_process.js:215:5)
15 verbose pkgid church_website@1.0.0
16 verbose cwd /Users/ShirleyWang/Documents/church_website
17 error Darwin 15.5.0
18 error argv "/usr/local/bin/node" "/usr/local/bin/npm" "run" "watch"
19 error node v5.9.1
20 error npm  v3.7.3
21 error code ELIFECYCLE
22 error church_website@1.0.0 watch: `webpack -w`
22 error Exit status 255
23 error Failed at the church_website@1.0.0 watch script 'webpack -w'.
23 error Make sure you have the latest version of node.js and npm installed.
23 error If you do, this is most likely a problem with the church_website package,
23 error not with npm itself.
23 error Tell the author that this fails on your system:
23 error     webpack -w
23 error You can get information on how to open an issue for this project with:
23 error     npm bugs church_website
23 error Or if that isn't available, you can get their info via:
23 error     npm owner ls church_website
23 error There is likely additional logging output above.
24 verbose exit [ 1, true ]
